TN:
SF:index.js
FN:18,initializeSwecAuth
FNF:1
FNH:1
FNDA:1,initializeSwecAuth
DA:1,1
DA:2,1
DA:3,1
DA:19,1
DA:20,1
DA:22,1
DA:23,1
DA:24,1
DA:27,1
LF:9
LH:9
BRDA:18,0,0,0
BRDA:19,1,0,0
BRDA:19,1,1,1
BRDA:20,2,0,0
BRDA:20,2,1,1
BRF:5
BRH:2
end_of_record
TN:
SF:lib\auth.js
FN:11,setupAuthRoutes
FN:25,(anonymous_1)
FN:26,(anonymous_2)
FN:35,(anonymous_3)
FN:44,(anonymous_4)
FN:73,(anonymous_5)
FN:126,(anonymous_6)
FN:145,(anonymous_7)
FN:159,(anonymous_8)
FN:197,(anonymous_9)
FN:218,authenticateJWT
FN:219,(anonymous_11)
FN:233,registerIpInBackground
FNF:13
FNH:7
FNDA:1,setupAuthRoutes
FNDA:1,(anonymous_1)
FNDA:0,(anonymous_2)
FNDA:0,(anonymous_3)
FNDA:2,(anonymous_4)
FNDA:2,(anonymous_5)
FNDA:0,(anonymous_6)
FNDA:1,(anonymous_7)
FNDA:2,(anonymous_8)
FNDA:0,(anonymous_9)
FNDA:2,authenticateJWT
FNDA:0,(anonymous_11)
FNDA:0,registerIpInBackground
DA:1,1
DA:2,1
DA:3,1
DA:4,1
DA:5,1
DA:6,1
DA:7,1
DA:8,1
DA:9,1
DA:21,1
DA:24,1
DA:25,1
DA:26,0
DA:29,1
DA:30,1
DA:33,1
DA:36,0
DA:41,1
DA:44,1
DA:45,2
DA:46,2
DA:47,1
DA:50,1
DA:51,1
DA:52,0
DA:62,0
DA:63,0
DA:64,0
DA:65,0
DA:67,1
DA:68,1
DA:73,1
DA:74,2
DA:75,2
DA:76,2
DA:79,0
DA:80,0
DA:81,0
DA:82,0
DA:85,0
DA:86,0
DA:88,0
DA:89,0
DA:93,0
DA:94,0
DA:97,0
DA:99,0
DA:100,0
DA:101,0
DA:102,0
DA:107,0
DA:108,0
DA:112,0
DA:113,0
DA:118,0
DA:120,0
DA:121,0
DA:126,1
DA:127,0
DA:128,0
DA:129,0
DA:131,0
DA:139,0
DA:140,0
DA:145,1
DA:146,1
DA:147,1
DA:148,1
DA:151,1
DA:153,0
DA:154,0
DA:159,1
DA:160,2
DA:161,2
DA:164,0
DA:165,0
DA:166,0
DA:169,0
DA:170,0
DA:173,0
DA:174,0
DA:176,0
DA:177,0
DA:178,0
DA:180,0
DA:181,0
DA:183,0
DA:185,0
DA:186,0
DA:187,0
DA:192,0
DA:197,1
DA:198,0
DA:199,0
DA:200,0
DA:203,0
DA:204,0
DA:205,0
DA:207,0
DA:208,0
DA:209,0
DA:211,0
DA:212,0
DA:219,2
DA:220,0
DA:221,0
DA:223,0
DA:224,0
DA:225,0
DA:226,0
DA:228,0
DA:234,0
DA:235,0
DA:236,0
DA:237,0
DA:242,0
DA:243,0
DA:246,0
DA:250,1
LF:119
LH:40
BRDA:15,0,0,1
BRDA:16,1,0,1
BRDA:17,2,0,1
BRDA:18,3,0,1
BRDA:19,4,0,1
BRDA:20,5,0,1
BRDA:36,6,0,0
BRDA:36,6,1,0
BRDA:46,7,0,1
BRDA:46,7,1,1
BRDA:75,8,0,2
BRDA:75,8,1,0
BRDA:75,9,0,2
BRDA:75,9,1,0
BRDA:81,10,0,0
BRDA:81,10,1,0
BRDA:81,11,0,0
BRDA:81,11,1,0
BRDA:88,12,0,0
BRDA:88,12,1,0
BRDA:100,13,0,0
BRDA:100,13,1,0
BRDA:101,14,0,0
BRDA:101,14,1,0
BRDA:112,15,0,0
BRDA:112,15,1,0
BRDA:129,16,0,0
BRDA:129,16,1,0
BRDA:135,17,0,0
BRDA:135,17,1,0
BRDA:161,18,0,2
BRDA:161,18,1,0
BRDA:164,19,0,0
BRDA:164,19,1,0
BRDA:177,20,0,0
BRDA:177,20,1,0
BRDA:180,21,0,0
BRDA:180,21,1,0
BRDA:183,22,0,0
BRDA:183,22,1,0
BRDA:186,23,0,0
BRDA:186,23,1,0
BRDA:199,24,0,0
BRDA:199,24,1,0
BRDA:199,25,0,0
BRDA:199,25,1,0
BRDA:205,26,0,0
BRDA:205,26,1,0
BRDA:221,27,0,0
BRDA:221,27,1,0
BRDA:236,28,0,0
BRDA:236,28,1,0
BRF:52
BRH:11
end_of_record
